   ▲ Next.js 15.1.3 (Turbopack)
   - Local:        http://localhost:3001
   - Network:      http://192.168.4.179:3001
   - Environments: .env

 ✓ Starting...
 ✓ Compiled in 677ms
 ✓ Ready in 1411ms
 ○ Compiling / ...
 ✓ Compiled / in 2.5s
 GET / 307 in 2693ms
 GET / 307 in 86ms
 ○ Compiling /dashboard ...
 ✓ Compiled /dashboard in 801ms
 GET /dashboard 200 in 848ms
 ○ Compiling /api/projects ...
 ✓ Compiled /api/projects in 726ms
 GET /api/auth/session 200 in 1300ms
 GET /api/auth/session 200 in 16ms
 GET /api/projects 200 in 1727ms
 ✓ Compiled /project/[id]/style in 315ms
 GET /project/01a04726-64a5-4338-b0bb-901a58ce1421/style 200 in 594ms
 ✓ Compiled /api/projects/[id] in 186ms
 GET /api/projects/01a04726-64a5-4338-b0bb-901a58ce1421 200 in 532ms
 GET /api/projects/01a04726-64a5-4338-b0bb-901a58ce1421 200 in 693ms
 ✓ Compiled /api/generate/style in 334ms
 POST /api/generate/style 200 in 13679ms
 PUT /api/projects/01a04726-64a5-4338-b0bb-901a58ce1421 200 in 8287ms
 ✓ Compiled /settings in 337ms
 GET /settings 200 in 756ms
 GET /api/auth/session 200 in 326ms
 GET /api/auth/session 200 in 24ms
 GET /api/auth/session 200 in 139ms
 GET /api/auth/session 200 in 41ms
 GET /api/auth/session 200 in 119ms
 GET /api/auth/session 200 in 29ms
 GET /api/auth/session 200 in 83ms
 GET /api/auth/session 200 in 20ms
 ✓ Compiled in 253ms
 ✓ Compiled in 30ms
 ✓ Compiled in 35ms
 ✓ Compiled in 22ms
 GET /api/auth/session 200 in 139ms
 GET /api/auth/session 200 in 32ms
 GET /dashboard 200 in 57ms
 GET /api/projects 200 in 8353ms
 GET /project/01a04726-64a5-4338-b0bb-901a58ce1421/style 200 in 258ms
 GET /api/projects 200 in 12989ms
 PUT /api/projects/01a04726-64a5-4338-b0bb-901a58ce1421 200 in 23709ms
 POST /api/generate/style 200 in 27116ms
 PUT /api/projects/01a04726-64a5-4338-b0bb-901a58ce1421 200 in 44360ms
 GET /settings 200 in 874ms
 GET /dashboard 200 in 31ms
 GET /api/projects 200 in 11607ms
 GET /api/projects 200 in 11654ms
 POST /api/generate/style 200 in 91030ms
 PUT /api/projects/01a04726-64a5-4338-b0bb-901a58ce1421 200 in 56603ms
 POST /api/generate/style 404 in 24954ms
 PUT /api/projects/01a04726-64a5-4338-b0bb-901a58ce1421 200 in 62867ms
 POST /api/generate/style 402 in 14774ms
 GET /project/01a04726-64a5-4338-b0bb-901a58ce1421/style 200 in 323ms
 GET /api/auth/session 200 in 39ms
 GET /api/auth/session 200 in 37ms
 GET /dashboard 200 in 36ms
 GET /api/projects/01a04726-64a5-4338-b0bb-901a58ce1421 200 in 20205ms
 GET /api/projects 200 in 29920ms
 GET /api/projects 200 in 36733ms
 GET /project/01a04726-64a5-4338-b0bb-901a58ce1421/style 200 in 32ms
 GET /api/auth/session 200 in 58ms
 GET /api/auth/session 200 in 17ms
 PUT /api/projects/01a04726-64a5-4338-b0bb-901a58ce1421 200 in 42267ms
 POST /api/generate/style 200 in 57384ms
 PUT /api/projects/01a04726-64a5-4338-b0bb-901a58ce1421 200 in 34085ms
 GET /api/auth/session 200 in 49ms
 GET /api/auth/session 200 in 17ms
 ✓ Compiled /project/[id]/style in 250ms
 GET /project/01a04726-64a5-4338-b0bb-901a58ce1421/style 200 in 277ms
 GET /project/01a04726-64a5-4338-b0bb-901a58ce1421/style 200 in 20ms
 GET /project/01a04726-64a5-4338-b0bb-901a58ce1421/style 200 in 17ms
 GET /project/01a04726-64a5-4338-b0bb-901a58ce1421/style 200 in 20ms
 GET /project/01a04726-64a5-4338-b0bb-901a58ce1421/style 200 in 19ms
 GET /project/01a04726-64a5-4338-b0bb-901a58ce1421/style 200 in 18ms
 GET /project/01a04726-64a5-4338-b0bb-901a58ce1421/style 200 in 24ms
 GET /project/01a04726-64a5-4338-b0bb-901a58ce1421/style 200 in 19ms
 ✓ Compiled in 458ms
 GET /project/01a04726-64a5-4338-b0bb-901a58ce1421/style 200 in 423ms
 GET /project/01a04726-64a5-4338-b0bb-901a58ce1421/style 200 in 23ms
